<?xml version="1.0" encoding="UTF-8"?>
<!-- Generated by org.testng.reporters.JUnitXMLReporter -->
<testsuite ignored="0" hostname="DESKTOP-OBUN33D" failures="0" tests="3" name="Default test" time="2.014" errors="0" timestamp="2023-04-12T23:51:03 AST">
  <testcase classname="MyTestCases" name="check_the_website_default_currency" time="0.039"/>
  <testcase classname="MyTestCases" name="testContactNumbers" time="0.032"/>
  <testcase classname="MyTestCases" name="testContactSupport" time="0.033"/>
</testsuite> <!-- Default test -->
