<?xml version="1.0" encoding="UTF-8"?>
<testng-results ignored="0" total="3" passed="3" failed="0" skipped="0">
  <reporter-output>
  </reporter-output>
  <suite started-at="2023-04-12T23:51:01 AST" name="Default suite" finished-at="2023-04-12T23:51:03 AST" duration-ms="2014">
    <groups>
    </groups>
    <test started-at="2023-04-12T23:51:01 AST" name="Default test" finished-at="2023-04-12T23:51:03 AST" duration-ms="2014">
      <class name="MyTestCases">
        <test-method is-config="true" signature="myBeforeTest()[pri:0, instance:MyTestCases@4bd2f0dc]" started-at="2023-04-12T23:51:01 AST" name="myBeforeTest" finished-at="2023-04-12T23:51:03 AST" duration-ms="1877" status="PASS">
          <reporter-output>
          </reporter-output>
        </test-method> <!-- myBeforeTest -->
        <test-method signature="check_the_website_default_currency()[pri:0, instance:MyTestCases@4bd2f0dc]" started-at="2023-04-12T23:51:03 AST" name="check_the_website_default_currency" finished-at="2023-04-12T23:51:03 AST" duration-ms="39" status="PASS">
          <reporter-output>
          </reporter-output>
        </test-method> <!-- check_the_website_default_currency -->
        <test-method signature="testContactNumbers()[pri:0, instance:MyTestCases@4bd2f0dc]" started-at="2023-04-12T23:51:03 AST" name="testContactNumbers" finished-at="2023-04-12T23:51:03 AST" duration-ms="32" status="PASS">
          <reporter-output>
          </reporter-output>
        </test-method> <!-- testContactNumbers -->
        <test-method signature="testContactSupport()[pri:0, instance:MyTestCases@4bd2f0dc]" started-at="2023-04-12T23:51:03 AST" name="testContactSupport" finished-at="2023-04-12T23:51:03 AST" duration-ms="33" status="PASS">
          <reporter-output>
          </reporter-output>
        </test-method> <!-- testContactSupport -->
        <test-method is-config="true" signature="myAfterTest()[pri:0, instance:MyTestCases@4bd2f0dc]" started-at="2023-04-12T23:51:03 AST" name="myAfterTest" finished-at="2023-04-12T23:51:03 AST" duration-ms="0" status="PASS">
          <reporter-output>
          </reporter-output>
        </test-method> <!-- myAfterTest -->
      </class> <!-- MyTestCases -->
    </test> <!-- Default test -->
  </suite> <!-- Default suite -->
</testng-results>
